<?xml version="1.0" encoding="UTF-8"?>
<testsuite name="ru.galuzin.gc.GcStatisticsTest" tests="1" skipped="0" failures="0" errors="0" timestamp="2018-07-20T09:00:14" hostname="WS-GALUZIN" time="0.01">
  <properties/>
  <testcase name="test1" classname="ru.galuzin.gc.GcStatisticsTest" time="0.01"/>
  <system-out><![CDATA[hello !
]]></system-out>
  <system-err><![CDATA[]]></system-err>
</testsuite>
