<?xml version="1.0" encoding="UTF-8"?>
<testsuite name="ru.rearitem.AppTest" tests="1" skipped="0" failures="0" errors="0" timestamp="2018-07-10T15:49:23" hostname="WS-GALUZIN" time="0.005">
  <properties/>
  <testcase name="testApp" classname="ru.rearitem.AppTest" time="0.005"/>
  <system-out><![CDATA[s = ea4fb48b-0a6d-4e83-98f8-d3ddc16b0bd4
b = 7
]]></system-out>
  <system-err><![CDATA[]]></system-err>
</testsuite>
