<?xml version="1.0" encoding="UTF-8"?>
<testsuite name="ru.rearitem.AppTest" tests="1" skipped="0" failures="0" errors="0" timestamp="2018-08-17T15:36:35" hostname="WS-GALUZIN" time="0.004">
  <properties/>
  <testcase name="testApp" classname="ru.rearitem.AppTest" time="0.004"/>
  <system-out><![CDATA[s = 08c769c9-696d-44f1-9b0d-dac45ed3ca9d
b = 5
]]></system-out>
  <system-err><![CDATA[]]></system-err>
</testsuite>
