<?xml version="1.0" encoding="UTF-8"?>
<testsuite name="ru.rearitem.AppTest" tests="1" skipped="0" failures="0" errors="0" timestamp="2018-08-30T14:15:44" hostname="WS-GALUZIN" time="0.001">
  <properties/>
  <testcase name="testApp" classname="ru.rearitem.AppTest" time="0.001"/>
  <system-out><![CDATA[]]></system-out>
  <system-err><![CDATA[]]></system-err>
</testsuite>
