<?xml version="1.0" encoding="UTF-8"?>
<testsuite name="ru.rearitem.AppTest" tests="1" skipped="0" failures="0" errors="0" timestamp="2018-08-08T15:16:54" hostname="WS-GALUZIN" time="0.004">
  <properties/>
  <testcase name="testApp" classname="ru.rearitem.AppTest" time="0.004"/>
  <system-out><![CDATA[s = c5d70a99-6ac6-414e-ae7e-15c7af66e5c9
b = 0
b = 7
]]></system-out>
  <system-err><![CDATA[]]></system-err>
</testsuite>
