<?xml version="1.0" encoding="UTF-8"?>
<testsuite name="ru.galuzin.db_service.DbServiceTest" tests="1" skipped="0" failures="1" errors="0" timestamp="2018-08-17T15:19:10" hostname="WS-GALUZIN" time="1.426">
  <properties/>
  <testcase name="shouldCreateAccount" classname="ru.galuzin.db_service.DbServiceTest" time="1.426">
    <failure message="java.lang.ExceptionInInitializerError" type="java.lang.ExceptionInInitializerError">java.lang.ExceptionInInitializerError
	at ru.galuzin.db_service.PreparedExecutor.getConnection(PreparedExecutor.java:69)
	at ru.galuzin.db_service.PreparedExecutor.execUpdate(PreparedExecutor.java:26)
	at ru.galuzin.db_service.DbServiceImpl.saveAccount(DbServiceImpl.java:29)
	at ru.galuzin.db_service.DbServiceImpl.saveAccount(DbServiceImpl.java:26)
	at ru.galuzin.db_service.DbServiceTest.shouldCreateAccount(DbServiceTest.java:26)
	at sun.reflect.NativeMethodAccessorImpl.invoke0(Native Method)
	at sun.reflect.NativeMethodAccessorImpl.invoke(NativeMethodAccessorImpl.java:62)
	at sun.reflect.DelegatingMethodAccessorImpl.invoke(DelegatingMethodAccessorImpl.java:43)
	at java.lang.reflect.Method.invoke(Method.java:498)
	at org.junit.runners.model.FrameworkMethod$1.runReflectiveCall(FrameworkMethod.java:50)
	at org.junit.internal.runners.model.ReflectiveCallable.run(ReflectiveCallable.java:12)
	at org.junit.runners.model.FrameworkMethod.invokeExplosively(FrameworkMethod.java:47)
	at org.junit.internal.runners.statements.InvokeMethod.evaluate(InvokeMethod.java:17)
	at org.junit.runners.ParentRunner.runLeaf(ParentRunner.java:325)
	at org.junit.runners.BlockJUnit4ClassRunner.runChild(BlockJUnit4ClassRunner.java:78)
	at org.junit.runners.BlockJUnit4ClassRunner.runChild(BlockJUnit4ClassRunner.java:57)
	at org.junit.runners.ParentRunner$3.run(ParentRunner.java:290)
	at org.junit.runners.ParentRunner$1.schedule(ParentRunner.java:71)
	at org.junit.runners.ParentRunner.runChildren(ParentRunner.java:288)
	at org.junit.runners.ParentRunner.access$000(ParentRunner.java:58)
	at org.junit.runners.ParentRunner$2.evaluate(ParentRunner.java:268)
	at org.junit.runners.ParentRunner.run(ParentRunner.java:363)
	at org.gradle.api.internal.tasks.testing.junit.JUnitTestClassExecutor.runTestClass(JUnitTestClassExecutor.java:106)
	at org.gradle.api.internal.tasks.testing.junit.JUnitTestClassExecutor.execute(JUnitTestClassExecutor.java:58)
	at org.gradle.api.internal.tasks.testing.junit.JUnitTestClassExecutor.execute(JUnitTestClassExecutor.java:38)
	at org.gradle.api.internal.tasks.testing.junit.AbstractJUnitTestClassProcessor.processTestClass(AbstractJUnitTestClassProcessor.java:66)
	at org.gradle.api.internal.tasks.testing.SuiteTestClassProcessor.processTestClass(SuiteTestClassProcessor.java:51)
	at sun.reflect.NativeMethodAccessorImpl.invoke0(Native Method)
	at sun.reflect.NativeMethodAccessorImpl.invoke(NativeMethodAccessorImpl.java:62)
	at sun.reflect.DelegatingMethodAccessorImpl.invoke(DelegatingMethodAccessorImpl.java:43)
	at java.lang.reflect.Method.invoke(Method.java:498)
	at org.gradle.internal.dispatch.ReflectionDispatch.dispatch(ReflectionDispatch.java:35)
	at org.gradle.internal.dispatch.ReflectionDispatch.dispatch(ReflectionDispatch.java:24)
	at org.gradle.internal.dispatch.ContextClassLoaderDispatch.dispatch(ContextClassLoaderDispatch.java:32)
	at org.gradle.internal.dispatch.ProxyDispatchAdapter$DispatchingInvocationHandler.invoke(ProxyDispatchAdapter.java:93)
	at com.sun.proxy.$Proxy1.processTestClass(Unknown Source)
	at org.gradle.api.internal.tasks.testing.worker.TestWorker.processTestClass(TestWorker.java:109)
	at sun.reflect.NativeMethodAccessorImpl.invoke0(Native Method)
	at sun.reflect.NativeMethodAccessorImpl.invoke(NativeMethodAccessorImpl.java:62)
	at sun.reflect.DelegatingMethodAccessorImpl.invoke(DelegatingMethodAccessorImpl.java:43)
	at java.lang.reflect.Method.invoke(Method.java:498)
	at org.gradle.internal.dispatch.ReflectionDispatch.dispatch(ReflectionDispatch.java:35)
	at org.gradle.internal.dispatch.ReflectionDispatch.dispatch(ReflectionDispatch.java:24)
	at org.gradle.internal.remote.internal.hub.MessageHubBackedObjectConnection$DispatchWrapper.dispatch(MessageHubBackedObjectConnection.java:155)
	at org.gradle.internal.remote.internal.hub.MessageHubBackedObjectConnection$DispatchWrapper.dispatch(MessageHubBackedObjectConnection.java:137)
	at org.gradle.internal.remote.internal.hub.MessageHub$Handler.run(MessageHub.java:404)
	at org.gradle.internal.concurrent.ExecutorPolicy$CatchAndRecordFailures.onExecute(ExecutorPolicy.java:63)
	at org.gradle.internal.concurrent.ManagedExecutorImpl$1.run(ManagedExecutorImpl.java:46)
	at java.util.concurrent.ThreadPoolExecutor.runWorker(ThreadPoolExecutor.java:1142)
	at java.util.concurrent.ThreadPoolExecutor$Worker.run(ThreadPoolExecutor.java:617)
	at org.gradle.internal.concurrent.ThreadFactoryImpl$ManagedThreadRunnable.run(ThreadFactoryImpl.java:55)
	at java.lang.Thread.run(Thread.java:745)
Caused by: com.zaxxer.hikari.pool.HikariPool$PoolInitializationException: Failed to initialize pool: Шестнадцатиричная строка содержит нешестнадцатиричные символы: &quot;\xbf323e6dc49b2917e85077b29490a6ccb340a479e1b06c943b98e6acedb55a01&quot;
Hexadecimal string contains non-hex character: &quot;\xbf323e6dc49b2917e85077b29490a6ccb340a479e1b06c943b98e6acedb55a01&quot;; SQL statement:
insert into accounts(account_uid,account_name,account_email,account_pass) values('6508d24e-e1bc-431b-b996-b12b251fe74c', 'tt','tt','\xbf323e6dc49b2917e85077b29490a6ccb340a479e1b06c943b98e6acedb55a01') -- ('6508d24e-e1bc-431b-b996-b12b251fe74c', 'tt', 'tt', '\xbf323e6dc49b2917e85077b29490a6ccb340a479e1b06c943b98e6acedb55a01') [90004-195]
	at com.zaxxer.hikari.pool.HikariPool.throwPoolInitializationException(HikariPool.java:544)
	at com.zaxxer.hikari.pool.HikariPool.checkFailFast(HikariPool.java:536)
	at com.zaxxer.hikari.pool.HikariPool.&lt;init&gt;(HikariPool.java:112)
	at com.zaxxer.hikari.HikariDataSource.&lt;init&gt;(HikariDataSource.java:72)
	at ru.galuzin.db_service.DataSource.&lt;init&gt;(DataSource.java:33)
	at ru.galuzin.db_service.DataSource.&lt;clinit&gt;(DataSource.java:17)
	... 52 more
Caused by: org.h2.jdbc.JdbcSQLException: Шестнадцатиричная строка содержит нешестнадцатиричные символы: &quot;\xbf323e6dc49b2917e85077b29490a6ccb340a479e1b06c943b98e6acedb55a01&quot;
Hexadecimal string contains non-hex character: &quot;\xbf323e6dc49b2917e85077b29490a6ccb340a479e1b06c943b98e6acedb55a01&quot;; SQL statement:
insert into accounts(account_uid,account_name,account_email,account_pass) values('6508d24e-e1bc-431b-b996-b12b251fe74c', 'tt','tt','\xbf323e6dc49b2917e85077b29490a6ccb340a479e1b06c943b98e6acedb55a01') -- ('6508d24e-e1bc-431b-b996-b12b251fe74c', 'tt', 'tt', '\xbf323e6dc49b2917e85077b29490a6ccb340a479e1b06c943b98e6acedb55a01') [90004-195]
	at org.h2.message.DbException.getJdbcSQLException(DbException.java:345)
	at org.h2.message.DbException.get(DbException.java:179)
	at org.h2.message.DbException.get(DbException.java:155)
	at org.h2.util.StringUtils.convertHexToBytes(StringUtils.java:943)
	at org.h2.value.Value.convertTo(Value.java:954)
	at org.h2.table.Column.convert(Column.java:167)
	at org.h2.command.dml.Insert.insertRows(Insert.java:143)
	at org.h2.command.dml.Insert.update(Insert.java:114)
	at org.h2.command.dml.RunScriptCommand.execute(RunScriptCommand.java:78)
	at org.h2.command.dml.RunScriptCommand.update(RunScriptCommand.java:57)
	at org.h2.command.CommandContainer.update(CommandContainer.java:101)
	at org.h2.command.Command.executeUpdate(Command.java:260)
	at org.h2.engine.Engine.openSession(Engine.java:224)
	at org.h2.engine.Engine.createSessionAndValidate(Engine.java:154)
	at org.h2.engine.Engine.createSession(Engine.java:137)
	at org.h2.engine.Engine.createSession(Engine.java:27)
	at org.h2.engine.SessionRemote.connectEmbeddedOrServer(SessionRemote.java:354)
	at org.h2.jdbc.JdbcConnection.&lt;init&gt;(JdbcConnection.java:116)
	at org.h2.jdbc.JdbcConnection.&lt;init&gt;(JdbcConnection.java:100)
	at org.h2.Driver.connect(Driver.java:69)
	at com.zaxxer.hikari.util.DriverDataSource.getConnection(DriverDataSource.java:95)
	at com.zaxxer.hikari.pool.PoolBase.newConnection(PoolBase.java:356)
	at com.zaxxer.hikari.pool.PoolBase.newPoolEntry(PoolBase.java:199)
	at com.zaxxer.hikari.pool.HikariPool.createPoolEntry(HikariPool.java:444)
	at com.zaxxer.hikari.pool.HikariPool.checkFailFast(HikariPool.java:515)
	... 56 more
</failure>
  </testcase>
  <system-out><![CDATA[2018-08-17 18:19:10 INFO  DataSource:32 - hikari props {autoCommit=false, dataSource.cachePrepStmts=true, dataSource.password="", dataSource.prepStmtCacheSize=125, dataSource.user=sa, jdbcUrl=jdbc:h2:mem:test;MODE=PostgreSQL;DB_CLOSE_DELAY=-1;INIT=runscript from 'classpath:/db.sql', dataSource.prepStmtCacheSqlLimit=1024}
2018-08-17 18:19:10 DEBUG HikariConfig:919 - HikariPool-1 - configuration:
2018-08-17 18:19:10 DEBUG HikariConfig:948 - allowPoolSuspension.............false
2018-08-17 18:19:10 DEBUG HikariConfig:948 - autoCommit......................false
2018-08-17 18:19:10 DEBUG HikariConfig:948 - catalog.........................none
2018-08-17 18:19:10 DEBUG HikariConfig:948 - connectionInitSql...............none
2018-08-17 18:19:10 DEBUG HikariConfig:948 - connectionTestQuery.............none
2018-08-17 18:19:10 DEBUG HikariConfig:948 - connectionTimeout...............30000
2018-08-17 18:19:10 DEBUG HikariConfig:948 - dataSource......................none
2018-08-17 18:19:10 DEBUG HikariConfig:948 - dataSourceClassName.............none
2018-08-17 18:19:10 DEBUG HikariConfig:948 - dataSourceJNDI..................none
2018-08-17 18:19:10 DEBUG HikariConfig:948 - dataSourceProperties............{user=sa, password=<masked>, prepStmtCacheSqlLimit=1024, cachePrepStmts=true, prepStmtCacheSize=125}
2018-08-17 18:19:10 DEBUG HikariConfig:948 - driverClassName.................none
2018-08-17 18:19:10 DEBUG HikariConfig:948 - healthCheckProperties...........{}
2018-08-17 18:19:10 DEBUG HikariConfig:948 - healthCheckRegistry.............none
2018-08-17 18:19:10 DEBUG HikariConfig:948 - idleTimeout.....................600000
2018-08-17 18:19:10 DEBUG HikariConfig:948 - initializationFailFast..........true
2018-08-17 18:19:10 DEBUG HikariConfig:948 - initializationFailTimeout.......1
2018-08-17 18:19:10 DEBUG HikariConfig:948 - isolateInternalQueries..........false
2018-08-17 18:19:10 DEBUG HikariConfig:948 - jdbc4ConnectionTest.............false
2018-08-17 18:19:10 DEBUG HikariConfig:948 - jdbcUrl........................."jdbc:h2:mem:test;MODE=PostgreSQL;DB_CLOSE_DELAY=-1;INIT=runscript from 'classpath:/db.sql'"
2018-08-17 18:19:10 DEBUG HikariConfig:948 - leakDetectionThreshold..........0
2018-08-17 18:19:10 DEBUG HikariConfig:948 - maxLifetime.....................1800000
2018-08-17 18:19:10 DEBUG HikariConfig:948 - maximumPoolSize.................10
2018-08-17 18:19:10 DEBUG HikariConfig:948 - metricRegistry..................none
2018-08-17 18:19:10 DEBUG HikariConfig:948 - metricsTrackerFactory...........none
2018-08-17 18:19:10 DEBUG HikariConfig:948 - minimumIdle.....................10
2018-08-17 18:19:10 DEBUG HikariConfig:948 - password........................<masked>
2018-08-17 18:19:10 DEBUG HikariConfig:948 - poolName........................"HikariPool-1"
2018-08-17 18:19:10 DEBUG HikariConfig:948 - readOnly........................false
2018-08-17 18:19:10 DEBUG HikariConfig:948 - registerMbeans..................false
2018-08-17 18:19:10 DEBUG HikariConfig:948 - scheduledExecutor...............none
2018-08-17 18:19:10 DEBUG HikariConfig:948 - scheduledExecutorService........internal
2018-08-17 18:19:10 DEBUG HikariConfig:948 - threadFactory...................internal
2018-08-17 18:19:10 DEBUG HikariConfig:948 - transactionIsolation............default
2018-08-17 18:19:10 DEBUG HikariConfig:948 - username........................none
2018-08-17 18:19:10 DEBUG HikariConfig:948 - validationTimeout...............5000
2018-08-17 18:19:10 INFO  HikariDataSource:71 - HikariPool-1 - Starting...
2018-08-17 18:19:10 DEBUG PoolBase:370 - HikariPool-1 - Failed to create/setup connection: Шестнадцатиричная строка содержит нешестнадцатиричные символы: "\xbf323e6dc49b2917e85077b29490a6ccb340a479e1b06c943b98e6acedb55a01"
Hexadecimal string contains non-hex character: "\xbf323e6dc49b2917e85077b29490a6ccb340a479e1b06c943b98e6acedb55a01"; SQL statement:
insert into accounts(account_uid,account_name,account_email,account_pass) values('6508d24e-e1bc-431b-b996-b12b251fe74c', 'tt','tt','\xbf323e6dc49b2917e85077b29490a6ccb340a479e1b06c943b98e6acedb55a01') -- ('6508d24e-e1bc-431b-b996-b12b251fe74c', 'tt', 'tt', '\xbf323e6dc49b2917e85077b29490a6ccb340a479e1b06c943b98e6acedb55a01') [90004-195]
2018-08-17 18:19:10 DEBUG HikariPool:464 - HikariPool-1 - Cannot acquire connection from data source
org.h2.jdbc.JdbcSQLException: Шестнадцатиричная строка содержит нешестнадцатиричные символы: "\xbf323e6dc49b2917e85077b29490a6ccb340a479e1b06c943b98e6acedb55a01"
Hexadecimal string contains non-hex character: "\xbf323e6dc49b2917e85077b29490a6ccb340a479e1b06c943b98e6acedb55a01"; SQL statement:
insert into accounts(account_uid,account_name,account_email,account_pass) values('6508d24e-e1bc-431b-b996-b12b251fe74c', 'tt','tt','\xbf323e6dc49b2917e85077b29490a6ccb340a479e1b06c943b98e6acedb55a01') -- ('6508d24e-e1bc-431b-b996-b12b251fe74c', 'tt', 'tt', '\xbf323e6dc49b2917e85077b29490a6ccb340a479e1b06c943b98e6acedb55a01') [90004-195]
	at org.h2.message.DbException.getJdbcSQLException(DbException.java:345)
	at org.h2.message.DbException.get(DbException.java:179)
	at org.h2.message.DbException.get(DbException.java:155)
	at org.h2.util.StringUtils.convertHexToBytes(StringUtils.java:943)
	at org.h2.value.Value.convertTo(Value.java:954)
	at org.h2.table.Column.convert(Column.java:167)
	at org.h2.command.dml.Insert.insertRows(Insert.java:143)
	at org.h2.command.dml.Insert.update(Insert.java:114)
	at org.h2.command.dml.RunScriptCommand.execute(RunScriptCommand.java:78)
	at org.h2.command.dml.RunScriptCommand.update(RunScriptCommand.java:57)
	at org.h2.command.CommandContainer.update(CommandContainer.java:101)
	at org.h2.command.Command.executeUpdate(Command.java:260)
	at org.h2.engine.Engine.openSession(Engine.java:224)
	at org.h2.engine.Engine.createSessionAndValidate(Engine.java:154)
	at org.h2.engine.Engine.createSession(Engine.java:137)
	at org.h2.engine.Engine.createSession(Engine.java:27)
	at org.h2.engine.SessionRemote.connectEmbeddedOrServer(SessionRemote.java:354)
	at org.h2.jdbc.JdbcConnection.<init>(JdbcConnection.java:116)
	at org.h2.jdbc.JdbcConnection.<init>(JdbcConnection.java:100)
	at org.h2.Driver.connect(Driver.java:69)
	at com.zaxxer.hikari.util.DriverDataSource.getConnection(DriverDataSource.java:95)
	at com.zaxxer.hikari.pool.PoolBase.newConnection(PoolBase.java:356)
	at com.zaxxer.hikari.pool.PoolBase.newPoolEntry(PoolBase.java:199)
	at com.zaxxer.hikari.pool.HikariPool.createPoolEntry(HikariPool.java:444)
	at com.zaxxer.hikari.pool.HikariPool.checkFailFast(HikariPool.java:515)
	at com.zaxxer.hikari.pool.HikariPool.<init>(HikariPool.java:112)
	at com.zaxxer.hikari.HikariDataSource.<init>(HikariDataSource.java:72)
	at ru.galuzin.db_service.DataSource.<init>(DataSource.java:33)
	at ru.galuzin.db_service.DataSource.<clinit>(DataSource.java:17)
	at ru.galuzin.db_service.PreparedExecutor.getConnection(PreparedExecutor.java:69)
	at ru.galuzin.db_service.PreparedExecutor.execUpdate(PreparedExecutor.java:26)
	at ru.galuzin.db_service.DbServiceImpl.saveAccount(DbServiceImpl.java:29)
	at ru.galuzin.db_service.DbServiceImpl.saveAccount(DbServiceImpl.java:26)
	at ru.galuzin.db_service.DbServiceTest.shouldCreateAccount(DbServiceTest.java:26)
	at sun.reflect.NativeMethodAccessorImpl.invoke0(Native Method)
	at sun.reflect.NativeMethodAccessorImpl.invoke(NativeMethodAccessorImpl.java:62)
	at sun.reflect.DelegatingMethodAccessorImpl.invoke(DelegatingMethodAccessorImpl.java:43)
	at java.lang.reflect.Method.invoke(Method.java:498)
	at org.junit.runners.model.FrameworkMethod$1.runReflectiveCall(FrameworkMethod.java:50)
	at org.junit.internal.runners.model.ReflectiveCallable.run(ReflectiveCallable.java:12)
	at org.junit.runners.model.FrameworkMethod.invokeExplosively(FrameworkMethod.java:47)
	at org.junit.internal.runners.statements.InvokeMethod.evaluate(InvokeMethod.java:17)
	at org.junit.runners.ParentRunner.runLeaf(ParentRunner.java:325)
	at org.junit.runners.BlockJUnit4ClassRunner.runChild(BlockJUnit4ClassRunner.java:78)
	at org.junit.runners.BlockJUnit4ClassRunner.runChild(BlockJUnit4ClassRunner.java:57)
	at org.junit.runners.ParentRunner$3.run(ParentRunner.java:290)
	at org.junit.runners.ParentRunner$1.schedule(ParentRunner.java:71)
	at org.junit.runners.ParentRunner.runChildren(ParentRunner.java:288)
	at org.junit.runners.ParentRunner.access$000(ParentRunner.java:58)
	at org.junit.runners.ParentRunner$2.evaluate(ParentRunner.java:268)
	at org.junit.runners.ParentRunner.run(ParentRunner.java:363)
	at org.gradle.api.internal.tasks.testing.junit.JUnitTestClassExecutor.runTestClass(JUnitTestClassExecutor.java:106)
	at org.gradle.api.internal.tasks.testing.junit.JUnitTestClassExecutor.execute(JUnitTestClassExecutor.java:58)
	at org.gradle.api.internal.tasks.testing.junit.JUnitTestClassExecutor.execute(JUnitTestClassExecutor.java:38)
	at org.gradle.api.internal.tasks.testing.junit.AbstractJUnitTestClassProcessor.processTestClass(AbstractJUnitTestClassProcessor.java:66)
	at org.gradle.api.internal.tasks.testing.SuiteTestClassProcessor.processTestClass(SuiteTestClassProcessor.java:51)
	at sun.reflect.NativeMethodAccessorImpl.invoke0(Native Method)
	at sun.reflect.NativeMethodAccessorImpl.invoke(NativeMethodAccessorImpl.java:62)
	at sun.reflect.DelegatingMethodAccessorImpl.invoke(DelegatingMethodAccessorImpl.java:43)
	at java.lang.reflect.Method.invoke(Method.java:498)
	at org.gradle.internal.dispatch.ReflectionDispatch.dispatch(ReflectionDispatch.java:35)
	at org.gradle.internal.dispatch.ReflectionDispatch.dispatch(ReflectionDispatch.java:24)
	at org.gradle.internal.dispatch.ContextClassLoaderDispatch.dispatch(ContextClassLoaderDispatch.java:32)
	at org.gradle.internal.dispatch.ProxyDispatchAdapter$DispatchingInvocationHandler.invoke(ProxyDispatchAdapter.java:93)
	at com.sun.proxy.$Proxy1.processTestClass(Unknown Source)
	at org.gradle.api.internal.tasks.testing.worker.TestWorker.processTestClass(TestWorker.java:109)
	at sun.reflect.NativeMethodAccessorImpl.invoke0(Native Method)
	at sun.reflect.NativeMethodAccessorImpl.invoke(NativeMethodAccessorImpl.java:62)
	at sun.reflect.DelegatingMethodAccessorImpl.invoke(DelegatingMethodAccessorImpl.java:43)
	at java.lang.reflect.Method.invoke(Method.java:498)
	at org.gradle.internal.dispatch.ReflectionDispatch.dispatch(ReflectionDispatch.java:35)
	at org.gradle.internal.dispatch.ReflectionDispatch.dispatch(ReflectionDispatch.java:24)
	at org.gradle.internal.remote.internal.hub.MessageHubBackedObjectConnection$DispatchWrapper.dispatch(MessageHubBackedObjectConnection.java:155)
	at org.gradle.internal.remote.internal.hub.MessageHubBackedObjectConnection$DispatchWrapper.dispatch(MessageHubBackedObjectConnection.java:137)
	at org.gradle.internal.remote.internal.hub.MessageHub$Handler.run(MessageHub.java:404)
	at org.gradle.internal.concurrent.ExecutorPolicy$CatchAndRecordFailures.onExecute(ExecutorPolicy.java:63)
	at org.gradle.internal.concurrent.ManagedExecutorImpl$1.run(ManagedExecutorImpl.java:46)
	at java.util.concurrent.ThreadPoolExecutor.runWorker(ThreadPoolExecutor.java:1142)
	at java.util.concurrent.ThreadPoolExecutor$Worker.run(ThreadPoolExecutor.java:617)
	at org.gradle.internal.concurrent.ThreadFactoryImpl$ManagedThreadRunnable.run(ThreadFactoryImpl.java:55)
	at java.lang.Thread.run(Thread.java:745)
2018-08-17 18:19:11 ERROR HikariPool:542 - HikariPool-1 - Exception during pool initialization.
org.h2.jdbc.JdbcSQLException: Шестнадцатиричная строка содержит нешестнадцатиричные символы: "\xbf323e6dc49b2917e85077b29490a6ccb340a479e1b06c943b98e6acedb55a01"
Hexadecimal string contains non-hex character: "\xbf323e6dc49b2917e85077b29490a6ccb340a479e1b06c943b98e6acedb55a01"; SQL statement:
insert into accounts(account_uid,account_name,account_email,account_pass) values('6508d24e-e1bc-431b-b996-b12b251fe74c', 'tt','tt','\xbf323e6dc49b2917e85077b29490a6ccb340a479e1b06c943b98e6acedb55a01') -- ('6508d24e-e1bc-431b-b996-b12b251fe74c', 'tt', 'tt', '\xbf323e6dc49b2917e85077b29490a6ccb340a479e1b06c943b98e6acedb55a01') [90004-195]
	at org.h2.message.DbException.getJdbcSQLException(DbException.java:345)
	at org.h2.message.DbException.get(DbException.java:179)
	at org.h2.message.DbException.get(DbException.java:155)
	at org.h2.util.StringUtils.convertHexToBytes(StringUtils.java:943)
	at org.h2.value.Value.convertTo(Value.java:954)
	at org.h2.table.Column.convert(Column.java:167)
	at org.h2.command.dml.Insert.insertRows(Insert.java:143)
	at org.h2.command.dml.Insert.update(Insert.java:114)
	at org.h2.command.dml.RunScriptCommand.execute(RunScriptCommand.java:78)
	at org.h2.command.dml.RunScriptCommand.update(RunScriptCommand.java:57)
	at org.h2.command.CommandContainer.update(CommandContainer.java:101)
	at org.h2.command.Command.executeUpdate(Command.java:260)
	at org.h2.engine.Engine.openSession(Engine.java:224)
	at org.h2.engine.Engine.createSessionAndValidate(Engine.java:154)
	at org.h2.engine.Engine.createSession(Engine.java:137)
	at org.h2.engine.Engine.createSession(Engine.java:27)
	at org.h2.engine.SessionRemote.connectEmbeddedOrServer(SessionRemote.java:354)
	at org.h2.jdbc.JdbcConnection.<init>(JdbcConnection.java:116)
	at org.h2.jdbc.JdbcConnection.<init>(JdbcConnection.java:100)
	at org.h2.Driver.connect(Driver.java:69)
	at com.zaxxer.hikari.util.DriverDataSource.getConnection(DriverDataSource.java:95)
	at com.zaxxer.hikari.pool.PoolBase.newConnection(PoolBase.java:356)
	at com.zaxxer.hikari.pool.PoolBase.newPoolEntry(PoolBase.java:199)
	at com.zaxxer.hikari.pool.HikariPool.createPoolEntry(HikariPool.java:444)
	at com.zaxxer.hikari.pool.HikariPool.checkFailFast(HikariPool.java:515)
	at com.zaxxer.hikari.pool.HikariPool.<init>(HikariPool.java:112)
	at com.zaxxer.hikari.HikariDataSource.<init>(HikariDataSource.java:72)
	at ru.galuzin.db_service.DataSource.<init>(DataSource.java:33)
	at ru.galuzin.db_service.DataSource.<clinit>(DataSource.java:17)
	at ru.galuzin.db_service.PreparedExecutor.getConnection(PreparedExecutor.java:69)
	at ru.galuzin.db_service.PreparedExecutor.execUpdate(PreparedExecutor.java:26)
	at ru.galuzin.db_service.DbServiceImpl.saveAccount(DbServiceImpl.java:29)
	at ru.galuzin.db_service.DbServiceImpl.saveAccount(DbServiceImpl.java:26)
	at ru.galuzin.db_service.DbServiceTest.shouldCreateAccount(DbServiceTest.java:26)
	at sun.reflect.NativeMethodAccessorImpl.invoke0(Native Method)
	at sun.reflect.NativeMethodAccessorImpl.invoke(NativeMethodAccessorImpl.java:62)
	at sun.reflect.DelegatingMethodAccessorImpl.invoke(DelegatingMethodAccessorImpl.java:43)
	at java.lang.reflect.Method.invoke(Method.java:498)
	at org.junit.runners.model.FrameworkMethod$1.runReflectiveCall(FrameworkMethod.java:50)
	at org.junit.internal.runners.model.ReflectiveCallable.run(ReflectiveCallable.java:12)
	at org.junit.runners.model.FrameworkMethod.invokeExplosively(FrameworkMethod.java:47)
	at org.junit.internal.runners.statements.InvokeMethod.evaluate(InvokeMethod.java:17)
	at org.junit.runners.ParentRunner.runLeaf(ParentRunner.java:325)
	at org.junit.runners.BlockJUnit4ClassRunner.runChild(BlockJUnit4ClassRunner.java:78)
	at org.junit.runners.BlockJUnit4ClassRunner.runChild(BlockJUnit4ClassRunner.java:57)
	at org.junit.runners.ParentRunner$3.run(ParentRunner.java:290)
	at org.junit.runners.ParentRunner$1.schedule(ParentRunner.java:71)
	at org.junit.runners.ParentRunner.runChildren(ParentRunner.java:288)
	at org.junit.runners.ParentRunner.access$000(ParentRunner.java:58)
	at org.junit.runners.ParentRunner$2.evaluate(ParentRunner.java:268)
	at org.junit.runners.ParentRunner.run(ParentRunner.java:363)
	at org.gradle.api.internal.tasks.testing.junit.JUnitTestClassExecutor.runTestClass(JUnitTestClassExecutor.java:106)
	at org.gradle.api.internal.tasks.testing.junit.JUnitTestClassExecutor.execute(JUnitTestClassExecutor.java:58)
	at org.gradle.api.internal.tasks.testing.junit.JUnitTestClassExecutor.execute(JUnitTestClassExecutor.java:38)
	at org.gradle.api.internal.tasks.testing.junit.AbstractJUnitTestClassProcessor.processTestClass(AbstractJUnitTestClassProcessor.java:66)
	at org.gradle.api.internal.tasks.testing.SuiteTestClassProcessor.processTestClass(SuiteTestClassProcessor.java:51)
	at sun.reflect.NativeMethodAccessorImpl.invoke0(Native Method)
	at sun.reflect.NativeMethodAccessorImpl.invoke(NativeMethodAccessorImpl.java:62)
	at sun.reflect.DelegatingMethodAccessorImpl.invoke(DelegatingMethodAccessorImpl.java:43)
	at java.lang.reflect.Method.invoke(Method.java:498)
	at org.gradle.internal.dispatch.ReflectionDispatch.dispatch(ReflectionDispatch.java:35)
	at org.gradle.internal.dispatch.ReflectionDispatch.dispatch(ReflectionDispatch.java:24)
	at org.gradle.internal.dispatch.ContextClassLoaderDispatch.dispatch(ContextClassLoaderDispatch.java:32)
	at org.gradle.internal.dispatch.ProxyDispatchAdapter$DispatchingInvocationHandler.invoke(ProxyDispatchAdapter.java:93)
	at com.sun.proxy.$Proxy1.processTestClass(Unknown Source)
	at org.gradle.api.internal.tasks.testing.worker.TestWorker.processTestClass(TestWorker.java:109)
	at sun.reflect.NativeMethodAccessorImpl.invoke0(Native Method)
	at sun.reflect.NativeMethodAccessorImpl.invoke(NativeMethodAccessorImpl.java:62)
	at sun.reflect.DelegatingMethodAccessorImpl.invoke(DelegatingMethodAccessorImpl.java:43)
	at java.lang.reflect.Method.invoke(Method.java:498)
	at org.gradle.internal.dispatch.ReflectionDispatch.dispatch(ReflectionDispatch.java:35)
	at org.gradle.internal.dispatch.ReflectionDispatch.dispatch(ReflectionDispatch.java:24)
	at org.gradle.internal.remote.internal.hub.MessageHubBackedObjectConnection$DispatchWrapper.dispatch(MessageHubBackedObjectConnection.java:155)
	at org.gradle.internal.remote.internal.hub.MessageHubBackedObjectConnection$DispatchWrapper.dispatch(MessageHubBackedObjectConnection.java:137)
	at org.gradle.internal.remote.internal.hub.MessageHub$Handler.run(MessageHub.java:404)
	at org.gradle.internal.concurrent.ExecutorPolicy$CatchAndRecordFailures.onExecute(ExecutorPolicy.java:63)
	at org.gradle.internal.concurrent.ManagedExecutorImpl$1.run(ManagedExecutorImpl.java:46)
	at java.util.concurrent.ThreadPoolExecutor.runWorker(ThreadPoolExecutor.java:1142)
	at java.util.concurrent.ThreadPoolExecutor$Worker.run(ThreadPoolExecutor.java:617)
	at org.gradle.internal.concurrent.ThreadFactoryImpl$ManagedThreadRunnable.run(ThreadFactoryImpl.java:55)
	at java.lang.Thread.run(Thread.java:745)
]]></system-out>
  <system-err><![CDATA[]]></system-err>
</testsuite>
