<?xml version="1.0" encoding="UTF-8"?>
<persistence version="1.0"
   xmlns="http://java.sun.com/xml/ns/persistence"
   xmlns:xsi="http://www.w3.org/2001/XMLSchema-instance"
   xsi:schemaLocation="
      http://java.sun.com/xml/ns/persistence
      http://java.sun.com/xml/ns/persistence/persistence_1_0.xsd">
   <persistence-unit name="users" transaction-type="JTA">
      <provider>org.hibernate.ejb.HibernatePersistence</provider>
      <!--<jta-data-source>jdbc/ejb</jta-data-source>-->
      <properties>
         <property name="hibernate.hbm2ddl.auto" value="create-drop" />
         <!--<property name="hibernate.dialect" value="org.hibernate.dialect.DerbyDialect" />-->
         <property name="hibernate.dialect" value="org.hibernate.dialect.PostgreSQL9Dialect"/>
         <property name="hibernate.connection.driver_class" value="org.postgresql.Driver"/>
         <property name="hibernate.connection.username" value="postgres"/>
         <property name="hibernate.connection.password" value="12345678"/>
         <!--<property name="hibernate.connection.password">manager</property>-->
         <property name="hibernate.connection.url" value="jdbc:postgresql://localhost:5432/ejb"/>
      </properties>
   </persistence-unit>
</persistence>